<?xml version="1.0" encoding="UTF-8"?>
<testsuite xmlns:xsi="http://www.w3.org/2001/XMLSchema-instance" xsi:noNamespaceSchemaLocation="https://maven.apache.org/surefire/maven-surefire-plugin/xsd/surefire-test-report-3.0.xsd" version="3.0" name="io.joshuasalcedo.logging.manager.LoggerManagerDatabaseTest" time="0.289" tests="5" errors="0" skipped="0" failures="0">
  <properties>
[...]
</properties>
  <testcase name="testEnableDatabaseLogging" classname="io.joshuasalcedo.logging.manager.LoggerManagerDatabaseTest" time="0.065">
    <system-out><![CDATA[[&amp#27;[36mINFO&amp#27;[0m]-[&amp#27;[36m2025-06-11 06:14:41.458 AM&amp#27;[0m]  &amp#27;[37mjdk.internal.reflect.DirectMethodHandleAccessor&amp#27;[0m.&amp#27;[33minvoke&amp#27;[0m() - &amp#27;[36mTest info message&amp#27;[0m
[&amp#27;[91mERROR&amp#27;[0m]-[&amp#27;[36m2025-06-11 06:14:41.463 AM&amp#27;[0m]  &amp#27;[37mjdk.internal.reflect.DirectMethodHandleAccessor&amp#27;[0m.&amp#27;[33minvoke&amp#27;[0m() - &amp#27;[91mTest error message&amp#27;[0m
]]></system-out>
  </testcase>
  <testcase name="testDatabaseLoggingWithLevel" classname="io.joshuasalcedo.logging.manager.LoggerManagerDatabaseTest" time="0.056">
    <system-out><![CDATA[[&amp#27;[36mINFO&amp#27;[0m]-[&amp#27;[36m2025-06-11 06:14:41.520 AM&amp#27;[0m]  &amp#27;[37mjdk.internal.reflect.DirectMethodHandleAccessor&amp#27;[0m.&amp#27;[33minvoke&amp#27;[0m() - &amp#27;[36mInfo message&amp#27;[0m
[&amp#27;[33mWARN&amp#27;[0m]-[&amp#27;[36m2025-06-11 06:14:41.520 AM&amp#27;[0m]  &amp#27;[37mjdk.internal.reflect.DirectMethodHandleAccessor&amp#27;[0m.&amp#27;[33minvoke&amp#27;[0m() - &amp#27;[33mWarning message&amp#27;[0m
[&amp#27;[91mERROR&amp#27;[0m]-[&amp#27;[36m2025-06-11 06:14:41.520 AM&amp#27;[0m]  &amp#27;[37mjdk.internal.reflect.DirectMethodHandleAccessor&amp#27;[0m.&amp#27;[33minvoke&amp#27;[0m() - &amp#27;[91mError message&amp#27;[0m
]]></system-out>
  </testcase>
  <testcase name="testLoggerSpecificDatabaseHandler" classname="io.joshuasalcedo.logging.manager.LoggerManagerDatabaseTest" time="0.052">
    <system-out><![CDATA[[&amp#27;[36mINFO&amp#27;[0m]-[&amp#27;[36m2025-06-11 06:14:41.575 AM&amp#27;[0m]  &amp#27;[37mjdk.internal.reflect.DirectMethodHandleAccessor&amp#27;[0m.&amp#27;[33minvoke&amp#27;[0m() - &amp#27;[36mOther logger message&amp#27;[0m
]]></system-out>
  </testcase>
  <testcase name="testHierarchicalLogging" classname="io.joshuasalcedo.logging.manager.LoggerManagerDatabaseTest" time="0.055">
    <system-out><![CDATA[[&amp#27;[36mINFO&amp#27;[0m]-[&amp#27;[36m2025-06-11 06:14:41.628 AM&amp#27;[0m]  &amp#27;[37mjdk.internal.reflect.DirectMethodHandleAccessor&amp#27;[0m.&amp#27;[33minvoke&amp#27;[0m() - &amp#27;[36mParent info&amp#27;[0m
[&amp#27;[33mWARN&amp#27;[0m]-[&amp#27;[36m2025-06-11 06:14:41.629 AM&amp#27;[0m]  &amp#27;[37mjdk.internal.reflect.DirectMethodHandleAccessor&amp#27;[0m.&amp#27;[33minvoke&amp#27;[0m() - &amp#27;[33mChild warning&amp#27;[0m
[&amp#27;[91mERROR&amp#27;[0m]-[&amp#27;[36m2025-06-11 06:14:41.629 AM&amp#27;[0m]  &amp#27;[37mjdk.internal.reflect.DirectMethodHandleAccessor&amp#27;[0m.&amp#27;[33minvoke&amp#27;[0m() - &amp#27;[91mGrandchild error&amp#27;[0m
]]></system-out>
  </testcase>
  <testcase name="testConfigureLogging" classname="io.joshuasalcedo.logging.manager.LoggerManagerDatabaseTest" time="0.056">
    <system-out><![CDATA[[&amp#27;[36mINFO&amp#27;[0m]-[&amp#27;[36m2025-06-11 06:14:41.684 AM&amp#27;[0m]  &amp#27;[37mjdk.internal.reflect.DirectMethodHandleAccessor&amp#27;[0m.&amp#27;[33minvoke&amp#27;[0m() - &amp#27;[36mTest from class logger&amp#27;[0m
[&amp#27;[91mERROR&amp#27;[0m]-[&amp#27;[36m2025-06-11 06:14:41.685 AM&amp#27;[0m]  &amp#27;[37mjdk.internal.reflect.DirectMethodHandleAccessor&amp#27;[0m.&amp#27;[33minvoke&amp#27;[0m() - &amp#27;[91mError from class logger&amp#27;[0m
&amp#27;[91mException: RuntimeException: Test exception&amp#27;[0m
&amp#27;[31m    at &amp#27;[37mio.joshuasalcedo.logging.manager.LoggerManagerDatabaseTest.&amp#27;[33mtestConfigureLogging&amp#27;[37m(&amp#27;[36mLoggerManagerDatabaseTest.java:136&amp#27;[37m)&amp#27;[0m
&amp#27;[31m    at &amp#27;[37mjdk.internal.reflect.DirectMethodHandleAccessor.&amp#27;[33minvoke&amp#27;[37m(&amp#27;[36mDirectMethodHandleAccessor.java:104&amp#27;[37m)&amp#27;[0m
&amp#27;[31m    at &amp#27;[37mjava.lang.reflect.Method.&amp#27;[33minvoke&amp#27;[37m(&amp#27;[36mMethod.java:565&amp#27;[37m)&amp#27;[0m
&amp#27;[90m    at &amp#27;[37morg.junit.platform.commons.util.ReflectionUtils.&amp#27;[33minvokeMethod&amp#27;[37m(&amp#27;[36mReflectionUtils.java:728&amp#27;[37m)&amp#27;[0m
&amp#27;[90m    at &amp#27;[37morg.junit.jupiter.engine.execution.MethodInvocation.&amp#27;[33mproceed&amp#27;[37m(&amp#27;[36mMethodInvocation.java:60&amp#27;[37m)&amp#27;[0m
&amp#27;[90m    at &amp#27;[37morg.junit.jupiter.engine.execution.InvocationInterceptorChain$ValidatingInvocation.&amp#27;[33mproceed&amp#27;[37m(&amp#27;[36mInvocationInterceptorChain.java:131&amp#27;[37m)&amp#27;[0m
&amp#27;[90m    at &amp#27;[37morg.junit.jupiter.engine.extension.TimeoutExtension.&amp#27;[33mintercept&amp#27;[37m(&amp#27;[36mTimeoutExtension.java:156&amp#27;[37m)&amp#27;[0m
&amp#27;[90m    at &amp#27;[37morg.junit.jupiter.engine.extension.TimeoutExtension.&amp#27;[33minterceptTestableMethod&amp#27;[37m(&amp#27;[36mTimeoutExtension.java:147&amp#27;[37m)&amp#27;[0m
&amp#27;[90m    at &amp#27;[37morg.junit.jupiter.engine.extension.TimeoutExtension.&amp#27;[33minterceptTestMethod&amp#27;[37m(&amp#27;[36mTimeoutExtension.java:86&amp#27;[37m)&amp#27;[0m
&amp#27;[90m    at &amp#27;[37morg.junit.jupiter.engine.execution.InterceptingExecutableInvoker$ReflectiveInterceptorCall.&amp#27;[33mlambda$ofVoidMethod$0&amp#27;[37m(&amp#27;[36mInterceptingExecutableInvoker.java:103&amp#27;[37m)&amp#27;[0m
&amp#27;[90m    at &amp#27;[37morg.junit.jupiter.engine.execution.InterceptingExecutableInvoker.&amp#27;[33mlambda$invoke$0&amp#27;[37m(&amp#27;[36mInterceptingExecutableInvoker.java:93&amp#27;[37m)&amp#27;[0m
&amp#27;[90m    at &amp#27;[37morg.junit.jupiter.engine.execution.InvocationInterceptorChain$InterceptedInvocation.&amp#27;[33mproceed&amp#27;[37m(&amp#27;[36mInvocationInterceptorChain.java:106&amp#27;[37m)&amp#27;[0m
&amp#27;[90m    at &amp#27;[37morg.junit.jupiter.engine.execution.InvocationInterceptorChain.&amp#27;[33mproceed&amp#27;[37m(&amp#27;[36mInvocationInterceptorChain.java:64&amp#27;[37m)&amp#27;[0m
&amp#27;[90m    at &amp#27;[37morg.junit.jupiter.engine.execution.InvocationInterceptorChain.&amp#27;[33mchainAndInvoke&amp#27;[37m(&amp#27;[36mInvocationInterceptorChain.java:45&amp#27;[37m)&amp#27;[0m
&amp#27;[90m    at &amp#27;[37morg.junit.jupiter.engine.execution.InvocationInterceptorChain.&amp#27;[33minvoke&amp#27;[37m(&amp#27;[36mInvocationInterceptorChain.java:37&amp#27;[37m)&amp#27;[0m
&amp#27;[90m    at &amp#27;[37morg.junit.jupiter.engine.execution.InterceptingExecutableInvoker.&amp#27;[33minvoke&amp#27;[37m(&amp#27;[36mInterceptingExecutableInvoker.java:92&amp#27;[37m)&amp#27;[0m
&amp#27;[90m    at &amp#27;[37morg.junit.jupiter.engine.execution.InterceptingExecutableInvoker.&amp#27;[33minvoke&amp#27;[37m(&amp#27;[36mInterceptingExecutableInvoker.java:86&amp#27;[37m)&amp#27;[0m
&amp#27;[90m    at &amp#27;[37morg.junit.jupiter.engine.descriptor.TestMethodTestDescriptor.&amp#27;[33mlambda$invokeTestMethod$7&amp#27;[37m(&amp#27;[36mTestMethodTestDescriptor.java:218&amp#27;[37m)&amp#27;[0m
&amp#27;[90m    at &amp#27;[37morg.junit.platform.engine.support.hierarchical.ThrowableCollector.&amp#27;[33mexecute&amp#27;[37m(&amp#27;[36mThrowableCollector.java:73&amp#27;[37m)&amp#27;[0m
&amp#27;[90m    at &amp#27;[37morg.junit.jupiter.engine.descriptor.TestMethodTestDescriptor.&amp#27;[33minvokeTestMethod&amp#27;[37m(&amp#27;[36mTestMethodTestDescriptor.java:214&amp#27;[37m)&amp#27;[0m
&amp#27;[90m    at &amp#27;[37morg.junit.jupiter.engine.descriptor.TestMethodTestDescriptor.&amp#27;[33mexecute&amp#27;[37m(&amp#27;[36mTestMethodTestDescriptor.java:139&amp#27;[37m)&amp#27;[0m
&amp#27;[90m    at &amp#27;[37morg.junit.jupiter.engine.descriptor.TestMethodTestDescriptor.&amp#27;[33mexecute&amp#27;[37m(&amp#27;[36mTestMethodTestDescriptor.java:69&amp#27;[37m)&amp#27;[0m
&amp#27;[90m    at &amp#27;[37morg.junit.platform.engine.support.hierarchical.NodeTestTask.&amp#27;[33mlambda$executeRecursively$6&amp#27;[37m(&amp#27;[36mNodeTestTask.java:151&amp#27;[37m)&amp#27;[0m
&amp#27;[90m    at &amp#27;[37morg.junit.platform.engine.support.hierarchical.ThrowableCollector.&amp#27;[33mexecute&amp#27;[37m(&amp#27;[36mThrowableCollector.java:73&amp#27;[37m)&amp#27;[0m
&amp#27;[90m    at &amp#27;[37morg.junit.platform.engine.support.hierarchical.NodeTestTask.&amp#27;[33mlambda$executeRecursively$8&amp#27;[37m(&amp#27;[36mNodeTestTask.java:141&amp#27;[37m)&amp#27;[0m
&amp#27;[90m    at &amp#27;[37morg.junit.platform.engine.support.hierarchical.Node.&amp#27;[33maround&amp#27;[37m(&amp#27;[36mNode.java:137&amp#27;[37m)&amp#27;[0m
&amp#27;[90m    at &amp#27;[37morg.junit.platform.engine.support.hierarchical.NodeTestTask.&amp#27;[33mlambda$executeRecursively$9&amp#27;[37m(&amp#27;[36mNodeTestTask.java:139&amp#27;[37m)&amp#27;[0m
&amp#27;[90m    at &amp#27;[37morg.junit.platform.engine.support.hierarchical.ThrowableCollector.&amp#27;[33mexecute&amp#27;[37m(&amp#27;[36mThrowableCollector.java:73&amp#27;[37m)&amp#27;[0m
&amp#27;[90m    at &amp#27;[37morg.junit.platform.engine.support.hierarchical.NodeTestTask.&amp#27;[33mexecuteRecursively&amp#27;[37m(&amp#27;[36mNodeTestTask.java:138&amp#27;[37m)&amp#27;[0m
&amp#27;[90m    at &amp#27;[37morg.junit.platform.engine.support.hierarchical.NodeTestTask.&amp#27;[33mexecute&amp#27;[37m(&amp#27;[36mNodeTestTask.java:95&amp#27;[37m)&amp#27;[0m
&amp#27;[90m    at &amp#27;[37mjava.util.ArrayList.&amp#27;[33mforEach&amp#27;[37m(&amp#27;[36mArrayList.java:1604&amp#27;[37m)&amp#27;[0m
&amp#27;[90m    at &amp#27;[37morg.junit.platform.engine.support.hierarchical.SameThreadHierarchicalTestExecutorService.&amp#27;[33minvokeAll&amp#27;[37m(&amp#27;[36mSameThreadHierarchicalTestExecutorService.java:41&amp#27;[37m)&amp#27;[0m
&amp#27;[90m    at &amp#27;[37morg.junit.platform.engine.support.hierarchical.NodeTestTask.&amp#27;[33mlambda$executeRecursively$6&amp#27;[37m(&amp#27;[36mNodeTestTask.java:155&amp#27;[37m)&amp#27;[0m
&amp#27;[90m    at &amp#27;[37morg.junit.platform.engine.support.hierarchical.ThrowableCollector.&amp#27;[33mexecute&amp#27;[37m(&amp#27;[36mThrowableCollector.java:73&amp#27;[37m)&amp#27;[0m
&amp#27;[90m    at &amp#27;[37morg.junit.platform.engine.support.hierarchical.NodeTestTask.&amp#27;[33mlambda$executeRecursively$8&amp#27;[37m(&amp#27;[36mNodeTestTask.java:141&amp#27;[37m)&amp#27;[0m
&amp#27;[90m    at &amp#27;[37morg.junit.platform.engine.support.hierarchical.Node.&amp#27;[33maround&amp#27;[37m(&amp#27;[36mNode.java:137&amp#27;[37m)&amp#27;[0m
&amp#27;[90m    at &amp#27;[37morg.junit.platform.engine.support.hierarchical.NodeTestTask.&amp#27;[33mlambda$executeRecursively$9&amp#27;[37m(&amp#27;[36mNodeTestTask.java:139&amp#27;[37m)&amp#27;[0m
&amp#27;[90m    at &amp#27;[37morg.junit.platform.engine.support.hierarchical.ThrowableCollector.&amp#27;[33mexecute&amp#27;[37m(&amp#27;[36mThrowableCollector.java:73&amp#27;[37m)&amp#27;[0m
&amp#27;[90m    at &amp#27;[37morg.junit.platform.engine.support.hierarchical.NodeTestTask.&amp#27;[33mexecuteRecursively&amp#27;[37m(&amp#27;[36mNodeTestTask.java:138&amp#27;[37m)&amp#27;[0m
&amp#27;[90m    at &amp#27;[37morg.junit.platform.engine.support.hierarchical.NodeTestTask.&amp#27;[33mexecute&amp#27;[37m(&amp#27;[36mNodeTestTask.java:95&amp#27;[37m)&amp#27;[0m
&amp#27;[90m    at &amp#27;[37mjava.util.ArrayList.&amp#27;[33mforEach&amp#27;[37m(&amp#27;[36mArrayList.java:1604&amp#27;[37m)&amp#27;[0m
&amp#27;[90m    at &amp#27;[37morg.junit.platform.engine.support.hierarchical.SameThreadHierarchicalTestExecutorService.&amp#27;[33minvokeAll&amp#27;[37m(&amp#27;[36mSameThreadHierarchicalTestExecutorService.java:41&amp#27;[37m)&amp#27;[0m
&amp#27;[90m    at &amp#27;[37morg.junit.platform.engine.support.hierarchical.NodeTestTask.&amp#27;[33mlambda$executeRecursively$6&amp#27;[37m(&amp#27;[36mNodeTestTask.java:155&amp#27;[37m)&amp#27;[0m
&amp#27;[90m    at &amp#27;[37morg.junit.platform.engine.support.hierarchical.ThrowableCollector.&amp#27;[33mexecute&amp#27;[37m(&amp#27;[36mThrowableCollector.java:73&amp#27;[37m)&amp#27;[0m
&amp#27;[90m    at &amp#27;[37morg.junit.platform.engine.support.hierarchical.NodeTestTask.&amp#27;[33mlambda$executeRecursively$8&amp#27;[37m(&amp#27;[36mNodeTestTask.java:141&amp#27;[37m)&amp#27;[0m
&amp#27;[90m    at &amp#27;[37morg.junit.platform.engine.support.hierarchical.Node.&amp#27;[33maround&amp#27;[37m(&amp#27;[36mNode.java:137&amp#27;[37m)&amp#27;[0m
&amp#27;[90m    at &amp#27;[37morg.junit.platform.engine.support.hierarchical.NodeTestTask.&amp#27;[33mlambda$executeRecursively$9&amp#27;[37m(&amp#27;[36mNodeTestTask.java:139&amp#27;[37m)&amp#27;[0m
&amp#27;[90m    at &amp#27;[37morg.junit.platform.engine.support.hierarchical.ThrowableCollector.&amp#27;[33mexecute&amp#27;[37m(&amp#27;[36mThrowableCollector.java:73&amp#27;[37m)&amp#27;[0m
&amp#27;[90m    at &amp#27;[37morg.junit.platform.engine.support.hierarchical.NodeTestTask.&amp#27;[33mexecuteRecursively&amp#27;[37m(&amp#27;[36mNodeTestTask.java:138&amp#27;[37m)&amp#27;[0m
&amp#27;[90m    at &amp#27;[37morg.junit.platform.engine.support.hierarchical.NodeTestTask.&amp#27;[33mexecute&amp#27;[37m(&amp#27;[36mNodeTestTask.java:95&amp#27;[37m)&amp#27;[0m
&amp#27;[90m    at &amp#27;[37morg.junit.platform.engine.support.hierarchical.SameThreadHierarchicalTestExecutorService.&amp#27;[33msubmit&amp#27;[37m(&amp#27;[36mSameThreadHierarchicalTestExecutorService.java:35&amp#27;[37m)&amp#27;[0m
&amp#27;[90m    at &amp#27;[37morg.junit.platform.engine.support.hierarchical.HierarchicalTestExecutor.&amp#27;[33mexecute&amp#27;[37m(&amp#27;[36mHierarchicalTestExecutor.java:57&amp#27;[37m)&amp#27;[0m
&amp#27;[90m    at &amp#27;[37morg.junit.platform.engine.support.hierarchical.HierarchicalTestEngine.&amp#27;[33mexecute&amp#27;[37m(&amp#27;[36mHierarchicalTestEngine.java:54&amp#27;[37m)&amp#27;[0m
&amp#27;[90m    at &amp#27;[37morg.junit.platform.launcher.core.EngineExecutionOrchestrator.&amp#27;[33mexecute&amp#27;[37m(&amp#27;[36mEngineExecutionOrchestrator.java:198&amp#27;[37m)&amp#27;[0m
&amp#27;[90m    at &amp#27;[37morg.junit.platform.launcher.core.EngineExecutionOrchestrator.&amp#27;[33mexecute&amp#27;[37m(&amp#27;[36mEngineExecutionOrchestrator.java:169&amp#27;[37m)&amp#27;[0m
&amp#27;[90m    at &amp#27;[37morg.junit.platform.launcher.core.EngineExecutionOrchestrator.&amp#27;[33mexecute&amp#27;[37m(&amp#27;[36mEngineExecutionOrchestrator.java:93&amp#27;[37m)&amp#27;[0m
&amp#27;[90m    at &amp#27;[37morg.junit.platform.launcher.core.EngineExecutionOrchestrator.&amp#27;[33mlambda$execute$0&amp#27;[37m(&amp#27;[36mEngineExecutionOrchestrator.java:58&amp#27;[37m)&amp#27;[0m
&amp#27;[90m    at &amp#27;[37morg.junit.platform.launcher.core.EngineExecutionOrchestrator.&amp#27;[33mwithInterceptedStreams&amp#27;[37m(&amp#27;[36mEngineExecutionOrchestrator.java:141&amp#27;[37m)&amp#27;[0m
&amp#27;[90m    at &amp#27;[37morg.junit.platform.launcher.core.EngineExecutionOrchestrator.&amp#27;[33mexecute&amp#27;[37m(&amp#27;[36mEngineExecutionOrchestrator.java:57&amp#27;[37m)&amp#27;[0m
&amp#27;[90m    at &amp#27;[37morg.junit.platform.launcher.core.DefaultLauncher.&amp#27;[33mexecute&amp#27;[37m(&amp#27;[36mDefaultLauncher.java:103&amp#27;[37m)&amp#27;[0m
&amp#27;[90m    at &amp#27;[37morg.junit.platform.launcher.core.DefaultLauncher.&amp#27;[33mexecute&amp#27;[37m(&amp#27;[36mDefaultLauncher.java:85&amp#27;[37m)&amp#27;[0m
&amp#27;[90m    at &amp#27;[37morg.junit.platform.launcher.core.DelegatingLauncher.&amp#27;[33mexecute&amp#27;[37m(&amp#27;[36mDelegatingLauncher.java:47&amp#27;[37m)&amp#27;[0m
&amp#27;[90m    at &amp#27;[37morg.apache.maven.surefire.junitplatform.LazyLauncher.&amp#27;[33mexecute&amp#27;[37m(&amp#27;[36mLazyLauncher.java:56&amp#27;[37m)&amp#27;[0m
&amp#27;[90m    at &amp#27;[37morg.apache.maven.surefire.junitplatform.JUnitPlatformProvider.&amp#27;[33mexecute&amp#27;[37m(&amp#27;[36mJUnitPlatformProvider.java:184&amp#27;[37m)&amp#27;[0m
&amp#27;[90m    at &amp#27;[37morg.apache.maven.surefire.junitplatform.JUnitPlatformProvider.&amp#27;[33minvokeAllTests&amp#27;[37m(&amp#27;[36mJUnitPlatformProvider.java:148&amp#27;[37m)&amp#27;[0m
&amp#27;[90m    at &amp#27;[37morg.apache.maven.surefire.junitplatform.JUnitPlatformProvider.&amp#27;[33minvoke&amp#27;[37m(&amp#27;[36mJUnitPlatformProvider.java:122&amp#27;[37m)&amp#27;[0m
&amp#27;[90m    at &amp#27;[37morg.apache.maven.surefire.booter.ForkedBooter.&amp#27;[33mrunSuitesInProcess&amp#27;[37m(&amp#27;[36mForkedBooter.java:385&amp#27;[37m)&amp#27;[0m
&amp#27;[90m    at &amp#27;[37morg.apache.maven.surefire.booter.ForkedBooter.&amp#27;[33mexecute&amp#27;[37m(&amp#27;[36mForkedBooter.java:162&amp#27;[37m)&amp#27;[0m
&amp#27;[90m    at &amp#27;[37morg.apache.maven.surefire.booter.ForkedBooter.&amp#27;[33mrun&amp#27;[37m(&amp#27;[36mForkedBooter.java:507&amp#27;[37m)&amp#27;[0m
&amp#27;[90m    at &amp#27;[37morg.apache.maven.surefire.booter.ForkedBooter.&amp#27;[33mmain&amp#27;[37m(&amp#27;[36mForkedBooter.java:495&amp#27;[37m)&amp#27;[0m
]]></system-out>
  </testcase>
</testsuite>