<?xml version="1.0" encoding="UTF-8"?>
<testsuite xmlns:xsi="http://www.w3.org/2001/XMLSchema-instance" xsi:noNamespaceSchemaLocation="https://maven.apache.org/surefire/maven-surefire-plugin/xsd/surefire-test-report-3.0.xsd" version="3.0" name="io.joshuasalcedo.logging.handler.DatabaseHandlerTest" time="0.891" tests="6" errors="0" skipped="0" failures="0">
  <properties>
[...]
</properties>
  <testcase name="testDeleteOldLogs" classname="io.joshuasalcedo.logging.handler.DatabaseHandlerTest" time="0.53"/>
  <testcase name="testLogLevelFiltering" classname="io.joshuasalcedo.logging.handler.DatabaseHandlerTest" time="0.079"/>
  <testcase name="testPublishLog" classname="io.joshuasalcedo.logging.handler.DatabaseHandlerTest" time="0.073"/>
  <testcase name="testSearchByCriteria" classname="io.joshuasalcedo.logging.handler.DatabaseHandlerTest" time="0.064"/>
  <testcase name="testSearchByLoggerName" classname="io.joshuasalcedo.logging.handler.DatabaseHandlerTest" time="0.059"/>
  <testcase name="testPublishLogWithException" classname="io.joshuasalcedo.logging.handler.DatabaseHandlerTest" time="0.06"/>
</testsuite>